[2022-12-08 01:10:57,111 INFO] Missing transforms field for corpus_1 data, set to default: [].
[2022-12-08 01:10:57,111 WARNING] Corpus corpus_1's weight should be given. We default it to 1 for you.
[2022-12-08 01:10:57,111 INFO] Missing transforms field for valid data, set to default: [].
[2022-12-08 01:10:57,111 INFO] Parsed 2 corpora from -data.
[2022-12-08 01:10:57,111 INFO] Get special vocabs from Transforms: {'src': set(), 'tgt': set()}.
[2022-12-08 01:10:57,111 INFO] Loading vocab from text file...
[2022-12-08 01:10:57,111 INFO] Loading src vocabulary from run/test.vocab.src
[2022-12-08 01:10:57,143 INFO] Loaded src vocab has 31563 tokens.
[2022-12-08 01:10:57,151 INFO] Loading tgt vocabulary from run/test.vocab.tgt
[2022-12-08 01:10:57,243 INFO] Loaded tgt vocab has 58824 tokens.
[2022-12-08 01:10:57,257 INFO] Building fields with vocab in counters...
[2022-12-08 01:10:57,336 INFO]  * tgt vocab size: 50004.
[2022-12-08 01:10:57,359 INFO]  * src vocab size: 31565.
[2022-12-08 01:10:57,361 INFO]  * src vocab size = 31565
[2022-12-08 01:10:57,361 INFO]  * tgt vocab size = 50004
[2022-12-08 01:10:57,362 INFO] Building model...
[2022-12-08 01:10:59,259 INFO] NMTModel(
  (encoder): RNNEncoder(
    (embeddings): Embeddings(
      (make_embedding): Sequential(
        (emb_luts): Elementwise(
          (0): Embedding(31565, 512, padding_idx=1)
        )
      )
    )
    (rnn): GRU(512, 256, num_layers=2, dropout=0.1, bidirectional=True)
  )
  (decoder): InputFeedRNNDecoder(
    (embeddings): Embeddings(
      (make_embedding): Sequential(
        (emb_luts): Elementwise(
          (0): Embedding(50004, 512, padding_idx=1)
        )
      )
    )
    (dropout): Dropout(p=0.1, inplace=False)
    (rnn): StackedGRU(
      (dropout): Dropout(p=0.1, inplace=False)
      (layers): ModuleList(
        (0): GRUCell(1024, 512)
        (1): GRUCell(512, 512)
      )
    )
    (attn): GlobalAttention(
      (linear_in): Linear(in_features=512, out_features=512, bias=False)
      (linear_out): Linear(in_features=1024, out_features=512, bias=False)
    )
  )
  (generator): Sequential(
    (0): Linear(in_features=512, out_features=50004, bias=False)
    (1): Cast()
    (2): LogSoftmax(dim=-1)
  )
)
[2022-12-08 01:10:59,260 INFO] encoder: 18526720
[2022-12-08 01:10:59,260 INFO] decoder: 55928832
[2022-12-08 01:10:59,260 INFO] * number of parameters: 74455552
[2022-12-08 01:10:59,261 INFO] Starting training on GPU: [0]
[2022-12-08 01:10:59,261 INFO] Start training loop and validate every 2000 steps...
[2022-12-08 01:10:59,261 INFO] corpus_1's transforms: TransformPipe()
[2022-12-08 01:10:59,261 INFO] Loading ParallelCorpus(data/src/src-train.txt, data/trg/trg-train.txt, align=None)...
[2022-12-08 01:12:46,304 INFO] Step 1000/40000; acc:  41.05; ppl: 40.45; xent: 3.70; lr: 0.00100; 6983/8143 tok/s;    107 sec
[2022-12-08 01:13:56,148 INFO] Loading ParallelCorpus(data/src/src-train.txt, data/trg/trg-train.txt, align=None)...
[2022-12-08 01:14:35,338 INFO] Step 2000/40000; acc:  55.75; ppl: 11.14; xent: 2.41; lr: 0.00100; 6863/7990 tok/s;    216 sec
[2022-12-08 01:14:35,339 INFO] valid's transforms: TransformPipe()
[2022-12-08 01:14:35,339 INFO] Loading ParallelCorpus(data/src/src-val.txt, data/trg/trg-val.txt, align=None)...
[2022-12-08 01:14:53,139 INFO] Validation perplexity: 10.9876
[2022-12-08 01:14:53,139 INFO] Validation accuracy: 59.9254
[2022-12-08 01:16:40,755 INFO] Step 3000/40000; acc:  61.99; ppl:  6.71; xent: 1.90; lr: 0.00100; 5962/6941 tok/s;    341 sec
[2022-12-08 01:17:12,334 INFO] Loading ParallelCorpus(data/src/src-train.txt, data/trg/trg-train.txt, align=None)...
[2022-12-08 01:18:29,043 INFO] Step 4000/40000; acc:  65.71; ppl:  5.11; xent: 1.63; lr: 0.00100; 6905/8051 tok/s;    450 sec
[2022-12-08 01:18:29,044 INFO] Loading ParallelCorpus(data/src/src-val.txt, data/trg/trg-val.txt, align=None)...
[2022-12-08 01:18:46,893 INFO] Validation perplexity: 7.09239
[2022-12-08 01:18:46,893 INFO] Validation accuracy: 65.0081
[2022-12-08 01:20:29,855 INFO] Loading ParallelCorpus(data/src/src-train.txt, data/trg/trg-train.txt, align=None)...
[2022-12-08 01:20:36,282 INFO] Step 5000/40000; acc:  68.65; ppl:  4.19; xent: 1.43; lr: 0.00100; 5882/6841 tok/s;    577 sec
[2022-12-08 01:22:24,422 INFO] Step 6000/40000; acc:  70.60; ppl:  3.71; xent: 1.31; lr: 0.00100; 6916/8056 tok/s;    685 sec
[2022-12-08 01:22:24,422 INFO] Loading ParallelCorpus(data/src/src-val.txt, data/trg/trg-val.txt, align=None)...
[2022-12-08 01:22:42,087 INFO] Validation perplexity: 6.29894
[2022-12-08 01:22:42,087 INFO] Validation accuracy: 66.8073
[2022-12-08 01:23:47,177 INFO] Loading ParallelCorpus(data/src/src-train.txt, data/trg/trg-train.txt, align=None)...
[2022-12-08 01:24:30,444 INFO] Step 7000/40000; acc:  72.19; ppl:  3.38; xent: 1.22; lr: 0.00100; 5932/6914 tok/s;    811 sec
[2022-12-08 01:26:19,378 INFO] Step 8000/40000; acc:  73.56; ppl:  3.15; xent: 1.15; lr: 0.00100; 6866/7990 tok/s;    920 sec
[2022-12-08 01:26:19,379 INFO] Loading ParallelCorpus(data/src/src-val.txt, data/trg/trg-val.txt, align=None)...
[2022-12-08 01:26:36,502 INFO] Validation perplexity: 6.10619
[2022-12-08 01:26:36,502 INFO] Validation accuracy: 67.352
[2022-12-08 01:27:30,841 INFO] Loading ParallelCorpus(data/src/src-train.txt, data/trg/trg-train.txt, align=None)...
[2022-12-08 01:28:22,674 INFO] Step 9000/40000; acc:  74.69; ppl:  3.00; xent: 1.10; lr: 0.00100; 6063/7064 tok/s;   1043 sec
[2022-12-08 01:30:08,856 INFO] Step 10000/40000; acc:  75.78; ppl:  2.85; xent: 1.05; lr: 0.00100; 7047/8198 tok/s;   1150 sec
[2022-12-08 01:30:08,857 INFO] Loading ParallelCorpus(data/src/src-val.txt, data/trg/trg-val.txt, align=None)...
[2022-12-08 01:30:26,482 INFO] Validation perplexity: 6.21275
[2022-12-08 01:30:26,482 INFO] Validation accuracy: 67.2442
[2022-12-08 01:30:26,664 INFO] Saving checkpoint run/luong/luong_attn_step_10000.pt
[2022-12-08 01:30:46,367 INFO] Loading ParallelCorpus(data/src/src-train.txt, data/trg/trg-train.txt, align=None)...
[2022-12-08 01:32:16,952 INFO] Step 11000/40000; acc:  76.73; ppl:  2.74; xent: 1.01; lr: 0.00100; 5836/6797 tok/s;   1278 sec
[2022-12-08 01:33:44,794 INFO] Loading ParallelCorpus(data/src/src-train.txt, data/trg/trg-train.txt, align=None)...
[2022-12-08 01:34:04,462 INFO] Step 12000/40000; acc:  78.17; ppl:  2.58; xent: 0.95; lr: 0.00100; 6953/8102 tok/s;   1385 sec
[2022-12-08 01:34:04,463 INFO] Loading ParallelCorpus(data/src/src-val.txt, data/trg/trg-val.txt, align=None)...
[2022-12-08 01:34:22,024 INFO] Validation perplexity: 5.92469
[2022-12-08 01:34:22,024 INFO] Validation accuracy: 68.3931
[2022-12-08 01:36:10,872 INFO] Step 13000/40000; acc:  78.14; ppl:  2.57; xent: 0.94; lr: 0.00100; 5919/6895 tok/s;   1512 sec
[2022-12-08 01:37:01,277 INFO] Loading ParallelCorpus(data/src/src-train.txt, data/trg/trg-train.txt, align=None)...
[2022-12-08 01:37:58,109 INFO] Step 14000/40000; acc:  78.63; ppl:  2.52; xent: 0.92; lr: 0.00100; 6974/8118 tok/s;   1619 sec
[2022-12-08 01:37:58,109 INFO] Loading ParallelCorpus(data/src/src-val.txt, data/trg/trg-val.txt, align=None)...
[2022-12-08 01:38:16,022 INFO] Validation perplexity: 6.17626
[2022-12-08 01:38:16,023 INFO] Validation accuracy: 67.7776
[2022-12-08 01:40:04,956 INFO] Step 15000/40000; acc:  78.87; ppl:  2.50; xent: 0.92; lr: 0.00100; 5895/6870 tok/s;   1746 sec
[2022-12-08 01:40:47,685 INFO] Loading ParallelCorpus(data/src/src-train.txt, data/trg/trg-train.txt, align=None)...
[2022-12-08 01:41:54,571 INFO] Step 16000/40000; acc:  79.82; ppl:  2.40; xent: 0.88; lr: 0.00050; 6819/7940 tok/s;   1855 sec
[2022-12-08 01:41:54,571 INFO] Loading ParallelCorpus(data/src/src-val.txt, data/trg/trg-val.txt, align=None)...
[2022-12-08 01:42:11,998 INFO] Validation perplexity: 5.90866
[2022-12-08 01:42:11,998 INFO] Validation accuracy: 68.7008
[2022-12-08 01:43:59,428 INFO] Step 17000/40000; acc:  82.72; ppl:  2.13; xent: 0.76; lr: 0.00050; 5986/6971 tok/s;   1980 sec
[2022-12-08 01:44:04,347 INFO] Loading ParallelCorpus(data/src/src-train.txt, data/trg/trg-train.txt, align=None)...
[2022-12-08 01:45:48,482 INFO] Step 18000/40000; acc:  85.43; ppl:  1.91; xent: 0.65; lr: 0.00050; 6859/7991 tok/s;   2089 sec
[2022-12-08 01:45:48,482 INFO] Loading ParallelCorpus(data/src/src-val.txt, data/trg/trg-val.txt, align=None)...
[2022-12-08 01:46:06,382 INFO] Validation perplexity: 5.34918
[2022-12-08 01:46:06,383 INFO] Validation accuracy: 70.515
[2022-12-08 01:47:21,334 INFO] Loading ParallelCorpus(data/src/src-train.txt, data/trg/trg-train.txt, align=None)...
[2022-12-08 01:47:55,457 INFO] Step 19000/40000; acc:  86.05; ppl:  1.86; xent: 0.62; lr: 0.00050; 5895/6857 tok/s;   2216 sec
[2022-12-08 01:49:42,800 INFO] Step 20000/40000; acc:  86.56; ppl:  1.82; xent: 0.60; lr: 0.00025; 6962/8113 tok/s;   2324 sec
[2022-12-08 01:49:42,801 INFO] Loading ParallelCorpus(data/src/src-val.txt, data/trg/trg-val.txt, align=None)...
[2022-12-08 01:50:00,089 INFO] Validation perplexity: 5.36763
[2022-12-08 01:50:00,089 INFO] Validation accuracy: 70.5723
[2022-12-08 01:50:00,253 INFO] Saving checkpoint run/luong/luong_attn_step_20000.pt
[2022-12-08 01:50:39,691 INFO] Loading ParallelCorpus(data/src/src-train.txt, data/trg/trg-train.txt, align=None)...
[2022-12-08 01:51:51,818 INFO] Step 21000/40000; acc:  88.27; ppl:  1.71; xent: 0.54; lr: 0.00025; 5796/6753 tok/s;   2453 sec
[2022-12-08 01:53:37,776 INFO] Step 22000/40000; acc:  89.59; ppl:  1.63; xent: 0.49; lr: 0.00025; 7059/8208 tok/s;   2559 sec
[2022-12-08 01:53:37,777 INFO] Loading ParallelCorpus(data/src/src-val.txt, data/trg/trg-val.txt, align=None)...
[2022-12-08 01:53:55,530 INFO] Validation perplexity: 5.24418
[2022-12-08 01:53:55,531 INFO] Validation accuracy: 71.2773
[2022-12-08 01:54:23,537 INFO] Loading ParallelCorpus(data/src/src-train.txt, data/trg/trg-train.txt, align=None)...
[2022-12-08 01:55:43,793 INFO] Step 23000/40000; acc:  89.90; ppl:  1.61; xent: 0.48; lr: 0.00025; 5929/6913 tok/s;   2685 sec
[2022-12-08 01:57:23,635 INFO] Loading ParallelCorpus(data/src/src-train.txt, data/trg/trg-train.txt, align=None)...
[2022-12-08 01:57:33,085 INFO] Step 24000/40000; acc:  90.10; ppl:  1.59; xent: 0.47; lr: 0.00013; 6846/7965 tok/s;   2794 sec
[2022-12-08 01:57:33,085 INFO] Loading ParallelCorpus(data/src/src-val.txt, data/trg/trg-val.txt, align=None)...
[2022-12-08 01:57:50,414 INFO] Validation perplexity: 5.25649
[2022-12-08 01:57:50,414 INFO] Validation accuracy: 71.2998
[2022-12-08 01:59:38,077 INFO] Step 25000/40000; acc:  91.02; ppl:  1.54; xent: 0.43; lr: 0.00013; 5979/6967 tok/s;   2919 sec
[2022-12-08 02:00:38,483 INFO] Loading ParallelCorpus(data/src/src-train.txt, data/trg/trg-train.txt, align=None)...
[2022-12-08 02:01:26,382 INFO] Step 26000/40000; acc:  91.67; ppl:  1.51; xent: 0.41; lr: 0.00013; 6904/8045 tok/s;   3027 sec
[2022-12-08 02:01:26,382 INFO] Loading ParallelCorpus(data/src/src-val.txt, data/trg/trg-val.txt, align=None)...
[2022-12-08 02:01:43,838 INFO] Validation perplexity: 5.23807
[2022-12-08 02:01:43,838 INFO] Validation accuracy: 71.5497
[2022-12-08 02:03:33,094 INFO] Step 27000/40000; acc:  91.81; ppl:  1.50; xent: 0.40; lr: 0.00013; 5904/6871 tok/s;   3154 sec
[2022-12-08 02:03:56,311 INFO] Loading ParallelCorpus(data/src/src-train.txt, data/trg/trg-train.txt, align=None)...
[2022-12-08 02:05:21,667 INFO] Step 28000/40000; acc:  92.02; ppl:  1.49; xent: 0.40; lr: 0.00006; 6888/8025 tok/s;   3262 sec
[2022-12-08 02:05:21,667 INFO] Loading ParallelCorpus(data/src/src-val.txt, data/trg/trg-val.txt, align=None)...
[2022-12-08 02:05:39,582 INFO] Validation perplexity: 5.26887
[2022-12-08 02:05:39,582 INFO] Validation accuracy: 71.5529
[2022-12-08 02:07:29,567 INFO] Step 29000/40000; acc:  92.39; ppl:  1.47; xent: 0.38; lr: 0.00006; 5842/6805 tok/s;   3390 sec
[2022-12-08 02:07:44,266 INFO] Loading ParallelCorpus(data/src/src-train.txt, data/trg/trg-train.txt, align=None)...
[2022-12-08 02:09:17,831 INFO] Step 30000/40000; acc:  92.75; ppl:  1.45; xent: 0.37; lr: 0.00006; 6912/8043 tok/s;   3499 sec
[2022-12-08 02:09:17,832 INFO] Loading ParallelCorpus(data/src/src-val.txt, data/trg/trg-val.txt, align=None)...
[2022-12-08 02:09:35,973 INFO] Validation perplexity: 5.26964
[2022-12-08 02:09:35,973 INFO] Validation accuracy: 71.6494
[2022-12-08 02:09:36,144 INFO] Saving checkpoint run/luong/luong_attn_step_30000.pt
[2022-12-08 02:11:02,763 INFO] Loading ParallelCorpus(data/src/src-train.txt, data/trg/trg-train.txt, align=None)...
[2022-12-08 02:11:25,951 INFO] Step 31000/40000; acc:  92.82; ppl:  1.44; xent: 0.37; lr: 0.00006; 5837/6797 tok/s;   3627 sec
[2022-12-08 02:13:15,365 INFO] Step 32000/40000; acc:  92.86; ppl:  1.44; xent: 0.37; lr: 0.00003; 6832/7965 tok/s;   3736 sec
[2022-12-08 02:13:15,366 INFO] Loading ParallelCorpus(data/src/src-val.txt, data/trg/trg-val.txt, align=None)...
[2022-12-08 02:13:33,115 INFO] Validation perplexity: 5.28817
[2022-12-08 02:13:33,116 INFO] Validation accuracy: 71.6467
[2022-12-08 02:14:21,051 INFO] Loading ParallelCorpus(data/src/src-train.txt, data/trg/trg-train.txt, align=None)...
[2022-12-08 02:15:22,975 INFO] Step 33000/40000; acc:  93.19; ppl:  1.43; xent: 0.36; lr: 0.00003; 5865/6821 tok/s;   3864 sec
[2022-12-08 02:17:10,912 INFO] Step 34000/40000; acc:  93.27; ppl:  1.42; xent: 0.35; lr: 0.00003; 6925/8076 tok/s;   3972 sec
[2022-12-08 02:17:10,913 INFO] Loading ParallelCorpus(data/src/src-val.txt, data/trg/trg-val.txt, align=None)...
[2022-12-08 02:17:28,863 INFO] Validation perplexity: 5.29096
[2022-12-08 02:17:28,863 INFO] Validation accuracy: 71.6247
[2022-12-08 02:17:38,713 INFO] Loading ParallelCorpus(data/src/src-train.txt, data/trg/trg-train.txt, align=None)...
[2022-12-08 02:19:17,666 INFO] Step 35000/40000; acc:  93.35; ppl:  1.42; xent: 0.35; lr: 0.00003; 5905/6869 tok/s;   4098 sec
[2022-12-08 02:20:37,321 INFO] Loading ParallelCorpus(data/src/src-train.txt, data/trg/trg-train.txt, align=None)...
[2022-12-08 02:21:05,472 INFO] Step 36000/40000; acc:  93.37; ppl:  1.42; xent: 0.35; lr: 0.00002; 6932/8075 tok/s;   4206 sec
[2022-12-08 02:21:05,473 INFO] Loading ParallelCorpus(data/src/src-val.txt, data/trg/trg-val.txt, align=None)...
[2022-12-08 02:21:23,356 INFO] Validation perplexity: 5.29812
[2022-12-08 02:21:23,356 INFO] Validation accuracy: 71.6569
[2022-12-08 02:23:13,366 INFO] Step 37000/40000; acc:  93.51; ppl:  1.41; xent: 0.34; lr: 0.00002; 5847/6813 tok/s;   4334 sec
[2022-12-08 02:24:25,052 INFO] Loading ParallelCorpus(data/src/src-train.txt, data/trg/trg-train.txt, align=None)...
[2022-12-08 02:25:02,782 INFO] Step 38000/40000; acc:  93.67; ppl:  1.41; xent: 0.34; lr: 0.00002; 6838/7965 tok/s;   4444 sec
[2022-12-08 02:25:02,782 INFO] Loading ParallelCorpus(data/src/src-val.txt, data/trg/trg-val.txt, align=None)...
[2022-12-08 02:25:20,907 INFO] Validation perplexity: 5.29771
[2022-12-08 02:25:20,907 INFO] Validation accuracy: 71.6579
[2022-12-08 02:27:07,749 INFO] Step 39000/40000; acc:  93.57; ppl:  1.41; xent: 0.34; lr: 0.00002; 5984/6962 tok/s;   4568 sec
[2022-12-08 02:27:41,541 INFO] Loading ParallelCorpus(data/src/src-train.txt, data/trg/trg-train.txt, align=None)...
[2022-12-08 02:28:54,555 INFO] Step 40000/40000; acc:  93.63; ppl:  1.40; xent: 0.34; lr: 0.00001; 6999/8160 tok/s;   4675 sec
[2022-12-08 02:28:54,555 INFO] Loading ParallelCorpus(data/src/src-val.txt, data/trg/trg-val.txt, align=None)...
[2022-12-08 02:29:11,837 INFO] Validation perplexity: 5.29921
[2022-12-08 02:29:11,837 INFO] Validation accuracy: 71.6772
[2022-12-08 02:29:12,000 INFO] Saving checkpoint run/luong/luong_attn_step_40000.pt

(ytrang) ➜  AttentionNMT git:(master) ✗ onmt_translate -model run/luong/luong_attn_step_40000.pt -src data/src/src-test.txt -output run/luong/luong-pred-40.txt
[2022-12-08 09:39:04,122 INFO] Translating shard 0.
/home/aiotlab3/anaconda3/envs/ytrang/lib/python3.9/site-packages/onmt/translate/beam_search.py:209: UserWarning: An output with one or more elements was resized since it had shape [150], which does not match the required output shape [30, 5]. This behavior is deprecated, and in a future PyTorch release outputs will not be resized unless they have zero elements. You can explicitly reuse an out tensor t by resizing it, inplace, to zero elements with t.resize_(0). (Triggered internally at  /opt/conda/conda-bld/pytorch_1659484809662/work/aten/src/ATen/native/Resize.cpp:17.)
  torch.mul(self.topk_scores, length_penalty, out=self.topk_log_probs)
/home/aiotlab3/anaconda3/envs/ytrang/lib/python3.9/site-packages/onmt/translate/beam_search.py:212: UserWarning: __floordiv__ is deprecated, and its behavior will change in a future version of pytorch. It currently rounds toward 0 (like the 'trunc' function NOT 'floor'). This results in incorrect rounding for negative values. To keep the current behavior, use torch.div(a, b, rounding_mode='trunc'), or for actual floor division, use torch.div(a, b, rounding_mode='floor').
  self._batch_index = self.topk_ids // vocab_size
/home/aiotlab3/anaconda3/envs/ytrang/lib/python3.9/site-packages/onmt/translate/beam_search.py:209: UserWarning: An output with one or more elements was resized since it had shape [50], which does not match the required output shape [10, 5]. This behavior is deprecated, and in a future PyTorch release outputs will not be resized unless they have zero elements. You can explicitly reuse an out tensor t by resizing it, inplace, to zero elements with t.resize_(0). (Triggered internally at  /opt/conda/conda-bld/pytorch_1659484809662/work/aten/src/ATen/native/Resize.cpp:17.)
  torch.mul(self.topk_scores, length_penalty, out=self.topk_log_probs)
[2022-12-08 09:42:47,220 INFO] PRED AVG SCORE: -0.5090, PRED PPL: 1.6637
[2022-12-08 09:42:47,236 INFO] Translating shard 1.
[2022-12-08 09:46:31,525 INFO] PRED AVG SCORE: -0.5144, PRED PPL: 1.6726
[2022-12-08 09:46:31,537 INFO] Translating shard 2.
/home/aiotlab3/anaconda3/envs/ytrang/lib/python3.9/site-packages/onmt/translate/beam_search.py:209: UserWarning: An output with one or more elements was resized since it had shape [105], which does not match the required output shape [21, 5]. This behavior is deprecated, and in a future PyTorch release outputs will not be resized unless they have zero elements. You can explicitly reuse an out tensor t by resizing it, inplace, to zero elements with t.resize_(0). (Triggered internally at  /opt/conda/conda-bld/pytorch_1659484809662/work/aten/src/ATen/native/Resize.cpp:17.)
  torch.mul(self.topk_scores, length_penalty, out=self.topk_log_probs)
[2022-12-08 09:48:35,212 INFO] PRED AVG SCORE: -0.5139, PRED PPL: 1.6717
luong_attn_step_40000:
{
 "name": "BLEU",
 "score": 42.3,
 "signature": "nrefs:1|case:mixed|eff:no|tok:13a|smooth:exp|version:2.3.1",
 "verbose_score": "68.5/47.3/35.6/27.8 (BP = 1.000 ratio = 1.015 hyp_len = 194853 ref_len = 191957)",
 "nrefs": "1",
 "case": "mixed",
 "eff": "no",
 "tok": "13a",
 "smooth": "exp",
 "version": "2.3.1"
}
luong_attn_step_30000:
{
 "name": "BLEU",
 "score": 42.1,
 "signature": "nrefs:1|case:mixed|eff:no|tok:13a|smooth:exp|version:2.3.1",
 "verbose_score": "68.3/47.1/35.4/27.6 (BP = 1.000 ratio = 1.018 hyp_len = 194853 ref_len = 191449)",
 "nrefs": "1",
 "case": "mixed",
 "eff": "no",
 "tok": "13a",
 "smooth": "exp",
 "version": "2.3.1"
}
luong_attn_step_20000:
{
 "name": "BLEU",
 "score": 40.6,
 "signature": "nrefs:1|case:mixed|eff:no|tok:13a|smooth:exp|version:2.3.1",
 "verbose_score": "67.4/45.7/33.9/26.0 (BP = 1.000 ratio = 1.026 hyp_len = 194853 ref_len = 189862)",
 "nrefs": "1",
 "case": "mixed",
 "eff": "no",
 "tok": "13a",
 "smooth": "exp",
 "version": "2.3.1"
}
luong_attn_step_10000:
{
 "name": "BLEU",
 "score": 35.5,
 "signature": "nrefs:1|case:mixed|eff:no|tok:13a|smooth:exp|version:2.3.1",
 "verbose_score": "64.5/40.9/28.8/21.0 (BP = 1.000 ratio = 1.056 hyp_len = 194853 ref_len = 184495)",
 "nrefs": "1",
 "case": "mixed",
 "eff": "no",
 "tok": "13a",
 "smooth": "exp",
 "version": "2.3.1"
}